2019-11-19T16:50:32.035+0800 | [main] | ERROR | org.springframework.boot.SpringApplication.reportFailure@(SpringApplication.java:826) - Application run failed
java.lang.IllegalStateException: Failed to load property source from location 'classpath:/application-local.yml'
	at org.springframework.boot.context.config.ConfigFileApplicationListener$Loader.load(ConfigFileApplicationListener.java:545)
	at org.springframework.boot.context.config.ConfigFileApplicationListener$Loader.loadForFileExtension(ConfigFileApplicationListener.java:483)
	at org.springframework.boot.context.config.ConfigFileApplicationListener$Loader.load(ConfigFileApplicationListener.java:464)
	at org.springframework.boot.context.config.ConfigFileApplicationListener$Loader.lambda$null$7(ConfigFileApplicationListener.java:443)
	at java.lang.Iterable.forEach(Iterable.java:75)
	at org.springframework.boot.context.config.ConfigFileApplicationListener$Loader.lambda$load$8(ConfigFileApplicationListener.java:443)
	at java.lang.Iterable.forEach(Iterable.java:75)
	at org.springframework.boot.context.config.ConfigFileApplicationListener$Loader.load(ConfigFileApplicationListener.java:440)
	at org.springframework.boot.context.config.ConfigFileApplicationListener$Loader.lambda$load$0(ConfigFileApplicationListener.java:335)
	at org.springframework.boot.context.config.FilteredPropertySource.apply(FilteredPropertySource.java:54)
	at org.springframework.boot.context.config.ConfigFileApplicationListener$Loader.load(ConfigFileApplicationListener.java:323)
	at org.springframework.boot.context.config.ConfigFileApplicationListener.addPropertySources(ConfigFileApplicationListener.java:214)
	at org.springframework.boot.context.config.ConfigFileApplicationListener.postProcessEnvironment(ConfigFileApplicationListener.java:198)
	at org.springframework.boot.context.config.ConfigFileApplicationListener.onApplicationEnvironmentPreparedEvent(ConfigFileApplicationListener.java:188)
	at org.springframework.boot.context.config.ConfigFileApplicationListener.onApplicationEvent(ConfigFileApplicationListener.java:176)
	at org.springframework.context.event.SimpleApplicationEventMulticaster.doInvokeListener(SimpleApplicationEventMulticaster.java:172)
	at org.springframework.context.event.SimpleApplicationEventMulticaster.invokeListener(SimpleApplicationEventMulticaster.java:165)
	at org.springframework.context.event.SimpleApplicationEventMulticaster.multicastEvent(SimpleApplicationEventMulticaster.java:139)
	at org.springframework.context.event.SimpleApplicationEventMulticaster.multicastEvent(SimpleApplicationEventMulticaster.java:127)
	at org.springframework.boot.context.event.EventPublishingRunListener.environmentPrepared(EventPublishingRunListener.java:76)
	at org.springframework.boot.SpringApplicationRunListeners.environmentPrepared(SpringApplicationRunListeners.java:53)
	at org.springframework.boot.SpringApplication.prepareEnvironment(SpringApplication.java:345)
	at org.springframework.boot.SpringApplication.run(SpringApplication.java:308)
	at org.springframework.boot.SpringApplication.run(SpringApplication.java:1226)
	at org.springframework.boot.SpringApplication.run(SpringApplication.java:1215)
	at com.example.redis.pubsub.RedisPubsubApplication.main(RedisPubsubApplication.java:10)
Caused by: org.yaml.snakeyaml.parser.ParserException: while parsing a block mapping
 in 'reader', line 11, column 5:
        host: 192.168.0.200
        ^
expected <block end>, but found '<block mapping start>'
 in 'reader', line 15, column 7:
          lettuce:
          ^

	at org.yaml.snakeyaml.parser.ParserImpl$ParseBlockMappingKey.produce(ParserImpl.java:572)
	at org.yaml.snakeyaml.parser.ParserImpl.peekEvent(ParserImpl.java:158)
	at org.yaml.snakeyaml.parser.ParserImpl.checkEvent(ParserImpl.java:148)
	at org.yaml.snakeyaml.composer.Composer.composeMappingNode(Composer.java:217)
	at org.yaml.snakeyaml.composer.Composer.composeNode(Composer.java:144)
	at org.yaml.snakeyaml.composer.Composer.composeValueNode(Composer.java:239)
	at org.yaml.snakeyaml.composer.Composer.composeMappingChildren(Composer.java:230)
	at org.yaml.snakeyaml.composer.Composer.composeMappingNode(Composer.java:218)
	at org.yaml.snakeyaml.composer.Composer.composeNode(Composer.java:144)
	at org.yaml.snakeyaml.composer.Composer.composeValueNode(Composer.java:239)
	at org.yaml.snakeyaml.composer.Composer.composeMappingChildren(Composer.java:230)
	at org.yaml.snakeyaml.composer.Composer.composeMappingNode(Composer.java:218)
	at org.yaml.snakeyaml.composer.Composer.composeNode(Composer.java:144)
	at org.yaml.snakeyaml.composer.Composer.getNode(Composer.java:85)
	at org.yaml.snakeyaml.constructor.BaseConstructor.getData(BaseConstructor.java:125)
	at org.yaml.snakeyaml.Yaml$1.next(Yaml.java:548)
	at org.springframework.beans.factory.config.YamlProcessor.process(YamlProcessor.java:160)
	at org.springframework.beans.factory.config.YamlProcessor.process(YamlProcessor.java:134)
	at org.springframework.boot.env.OriginTrackedYamlLoader.load(OriginTrackedYamlLoader.java:75)
	at org.springframework.boot.env.YamlPropertySourceLoader.load(YamlPropertySourceLoader.java:50)
	at org.springframework.boot.context.config.ConfigFileApplicationListener$Loader.loadDocuments(ConfigFileApplicationListener.java:562)
	at org.springframework.boot.context.config.ConfigFileApplicationListener$Loader.load(ConfigFileApplicationListener.java:518)
	... 25 common frames omitted
2019-11-19T16:53:15.195+0800 | [main] | INFO  | com.example.redis.pubsub.RedisPubsubApplication.logStarting@(StartupInfoLogger.java:55) - Starting RedisPubsubApplication on DESKTOP-NOHAJOF with PID 19976 (E:\project\redis-pubsub\build\classes\java\main started by admin in E:\project\redis-pubsub)
2019-11-19T16:53:15.198+0800 | [main] | INFO  | com.example.redis.pubsub.RedisPubsubApplication.logStartupProfileInfo@(SpringApplication.java:655) - The following profiles are active: local
2019-11-19T16:53:15.688+0800 | [main] | INFO  | org.springframework.data.repository.config.RepositoryConfigurationDelegate.multipleStoresDetected@(RepositoryConfigurationDelegate.java:246) - Multiple Spring Data modules found, entering strict repository configuration mode!
2019-11-19T16:53:15.689+0800 | [main] | INFO  | org.springframework.data.repository.config.RepositoryConfigurationDelegate.registerRepositoriesIn@(RepositoryConfigurationDelegate.java:126) - Bootstrapping Spring Data repositories in DEFAULT mode.
2019-11-19T16:53:15.713+0800 | [main] | INFO  | org.springframework.data.repository.config.RepositoryConfigurationDelegate.registerRepositoriesIn@(RepositoryConfigurationDelegate.java:184) - Finished Spring Data repository scanning in 13ms. Found 0 repository interfaces.
2019-11-19T16:53:16.138+0800 | [main] | INFO  | org.springframework.boot.web.embedded.tomcat.TomcatWebServer.initialize@(TomcatWebServer.java:92) - Tomcat initialized with port(s): 8080 (http)
2019-11-19T16:53:16.146+0800 | [main] | INFO  | org.apache.coyote.http11.Http11NioProtocol.log@(DirectJDKLog.java:173) - Initializing ProtocolHandler ["http-nio-8080"]
2019-11-19T16:53:16.147+0800 | [main] | INFO  | org.apache.catalina.core.StandardService.log@(DirectJDKLog.java:173) - Starting service [Tomcat]
2019-11-19T16:53:16.147+0800 | [main] | INFO  | org.apache.catalina.core.StandardEngine.log@(DirectJDKLog.java:173) - Starting Servlet engine: [Apache Tomcat/9.0.27]
2019-11-19T16:53:16.213+0800 | [main] | INFO  | org.apache.catalina.core.ContainerBase.[Tomcat].[localhost].[/].log@(DirectJDKLog.java:173) - Initializing Spring embedded WebApplicationContext
2019-11-19T16:53:16.213+0800 | [main] | INFO  | org.springframework.web.context.ContextLoader.prepareWebApplicationContext@(ServletWebServerApplicationContext.java:284) - Root WebApplicationContext: initialization completed in 970 ms
2019-11-19T16:53:16.357+0800 | [main] | WARN  | org.springframework.boot.web.servlet.context.AnnotationConfigServletWebServerApplicationContext.refresh@(AbstractApplicationContext.java:558) - Exception encountered during context initialization - cancelling refresh attempt: org.springframework.beans.factory.UnsatisfiedDependencyException: Error creating bean with name 'container' defined in class path resource [com/example/redis/pubsub/config/RedisConfig.class]: Unsatisfied dependency expressed through method 'container' parameter 0; nested exception is org.springframework.beans.factory.BeanCreationException: Error creating bean with name 'redisConnectionFactory' defined in class path resource [org/springframework/boot/autoconfigure/data/redis/LettuceConnectionConfiguration.class]: Bean instantiation via factory method failed; nested exception is org.springframework.beans.BeanInstantiationException: Failed to instantiate [org.springframework.data.redis.connection.lettuce.LettuceConnectionFactory]: Factory method 'redisConnectionFactory' threw exception; nested exception is java.lang.NoClassDefFoundError: org/apache/commons/pool2/impl/GenericObjectPoolConfig
2019-11-19T16:53:16.364+0800 | [main] | INFO  | org.apache.catalina.core.StandardService.log@(DirectJDKLog.java:173) - Stopping service [Tomcat]
2019-11-19T16:53:16.374+0800 | [main] | INFO  | org.springframework.boot.autoconfigure.logging.ConditionEvaluationReportLoggingListener.logMessage@(ConditionEvaluationReportLoggingListener.java:136) - 

Error starting ApplicationContext. To display the conditions report re-run your application with 'debug' enabled.
2019-11-19T16:53:16.384+0800 | [main] | ERROR | org.springframework.boot.SpringApplication.reportFailure@(SpringApplication.java:826) - Application run failed
org.springframework.beans.factory.UnsatisfiedDependencyException: Error creating bean with name 'container' defined in class path resource [com/example/redis/pubsub/config/RedisConfig.class]: Unsatisfied dependency expressed through method 'container' parameter 0; nested exception is org.springframework.beans.factory.BeanCreationException: Error creating bean with name 'redisConnectionFactory' defined in class path resource [org/springframework/boot/autoconfigure/data/redis/LettuceConnectionConfiguration.class]: Bean instantiation via factory method failed; nested exception is org.springframework.beans.BeanInstantiationException: Failed to instantiate [org.springframework.data.redis.connection.lettuce.LettuceConnectionFactory]: Factory method 'redisConnectionFactory' threw exception; nested exception is java.lang.NoClassDefFoundError: org/apache/commons/pool2/impl/GenericObjectPoolConfig
	at org.springframework.beans.factory.support.ConstructorResolver.createArgumentArray(ConstructorResolver.java:787)
	at org.springframework.beans.factory.support.ConstructorResolver.instantiateUsingFactoryMethod(ConstructorResolver.java:528)
	at org.springframework.beans.factory.support.AbstractAutowireCapableBeanFactory.instantiateUsingFactoryMethod(AbstractAutowireCapableBeanFactory.java:1338)
	at org.springframework.beans.factory.support.AbstractAutowireCapableBeanFactory.createBeanInstance(AbstractAutowireCapableBeanFactory.java:1177)
	at org.springframework.beans.factory.support.AbstractAutowireCapableBeanFactory.doCreateBean(AbstractAutowireCapableBeanFactory.java:557)
	at org.springframework.beans.factory.support.AbstractAutowireCapableBeanFactory.createBean(AbstractAutowireCapableBeanFactory.java:517)
	at org.springframework.beans.factory.support.AbstractBeanFactory.lambda$doGetBean$0(AbstractBeanFactory.java:323)
	at org.springframework.beans.factory.support.DefaultSingletonBeanRegistry.getSingleton(DefaultSingletonBeanRegistry.java:222)
	at org.springframework.beans.factory.support.AbstractBeanFactory.doGetBean(AbstractBeanFactory.java:321)
	at org.springframework.beans.factory.support.AbstractBeanFactory.getBean(AbstractBeanFactory.java:202)
	at org.springframework.beans.factory.support.DefaultListableBeanFactory.preInstantiateSingletons(DefaultListableBeanFactory.java:879)
	at org.springframework.context.support.AbstractApplicationContext.finishBeanFactoryInitialization(AbstractApplicationContext.java:878)
	at org.springframework.context.support.AbstractApplicationContext.refresh(AbstractApplicationContext.java:550)
	at org.springframework.boot.web.servlet.context.ServletWebServerApplicationContext.refresh(ServletWebServerApplicationContext.java:141)
	at org.springframework.boot.SpringApplication.refresh(SpringApplication.java:747)
	at org.springframework.boot.SpringApplication.refreshContext(SpringApplication.java:397)
	at org.springframework.boot.SpringApplication.run(SpringApplication.java:315)
	at org.springframework.boot.SpringApplication.run(SpringApplication.java:1226)
	at org.springframework.boot.SpringApplication.run(SpringApplication.java:1215)
	at com.example.redis.pubsub.RedisPubsubApplication.main(RedisPubsubApplication.java:10)
Caused by: org.springframework.beans.factory.BeanCreationException: Error creating bean with name 'redisConnectionFactory' defined in class path resource [org/springframework/boot/autoconfigure/data/redis/LettuceConnectionConfiguration.class]: Bean instantiation via factory method failed; nested exception is org.springframework.beans.BeanInstantiationException: Failed to instantiate [org.springframework.data.redis.connection.lettuce.LettuceConnectionFactory]: Factory method 'redisConnectionFactory' threw exception; nested exception is java.lang.NoClassDefFoundError: org/apache/commons/pool2/impl/GenericObjectPoolConfig
	at org.springframework.beans.factory.support.ConstructorResolver.instantiate(ConstructorResolver.java:645)
	at org.springframework.beans.factory.support.ConstructorResolver.instantiateUsingFactoryMethod(ConstructorResolver.java:625)
	at org.springframework.beans.factory.support.AbstractAutowireCapableBeanFactory.instantiateUsingFactoryMethod(AbstractAutowireCapableBeanFactory.java:1338)
	at org.springframework.beans.factory.support.AbstractAutowireCapableBeanFactory.createBeanInstance(AbstractAutowireCapableBeanFactory.java:1177)
	at org.springframework.beans.factory.support.AbstractAutowireCapableBeanFactory.doCreateBean(AbstractAutowireCapableBeanFactory.java:557)
	at org.springframework.beans.factory.support.AbstractAutowireCapableBeanFactory.createBean(AbstractAutowireCapableBeanFactory.java:517)
	at org.springframework.beans.factory.support.AbstractBeanFactory.lambda$doGetBean$0(AbstractBeanFactory.java:323)
	at org.springframework.beans.factory.support.DefaultSingletonBeanRegistry.getSingleton(DefaultSingletonBeanRegistry.java:222)
	at org.springframework.beans.factory.support.AbstractBeanFactory.doGetBean(AbstractBeanFactory.java:321)
	at org.springframework.beans.factory.support.AbstractBeanFactory.getBean(AbstractBeanFactory.java:202)
	at org.springframework.beans.factory.config.DependencyDescriptor.resolveCandidate(DependencyDescriptor.java:276)
	at org.springframework.beans.factory.support.DefaultListableBeanFactory.doResolveDependency(DefaultListableBeanFactory.java:1287)
	at org.springframework.beans.factory.support.DefaultListableBeanFactory.resolveDependency(DefaultListableBeanFactory.java:1207)
	at org.springframework.beans.factory.support.ConstructorResolver.resolveAutowiredArgument(ConstructorResolver.java:874)
	at org.springframework.beans.factory.support.ConstructorResolver.createArgumentArray(ConstructorResolver.java:778)
	... 19 common frames omitted
Caused by: org.springframework.beans.BeanInstantiationException: Failed to instantiate [org.springframework.data.redis.connection.lettuce.LettuceConnectionFactory]: Factory method 'redisConnectionFactory' threw exception; nested exception is java.lang.NoClassDefFoundError: org/apache/commons/pool2/impl/GenericObjectPoolConfig
	at org.springframework.beans.factory.support.SimpleInstantiationStrategy.instantiate(SimpleInstantiationStrategy.java:185)
	at org.springframework.beans.factory.support.ConstructorResolver.instantiate(ConstructorResolver.java:640)
	... 33 common frames omitted
Caused by: java.lang.NoClassDefFoundError: org/apache/commons/pool2/impl/GenericObjectPoolConfig
	at org.springframework.data.redis.connection.lettuce.LettucePoolingClientConfiguration$LettucePoolingClientConfigurationBuilder.<init>(LettucePoolingClientConfiguration.java:94)
	at org.springframework.data.redis.connection.lettuce.LettucePoolingClientConfiguration.builder(LettucePoolingClientConfiguration.java:51)
	at org.springframework.boot.autoconfigure.data.redis.LettuceConnectionConfiguration$PoolBuilderFactory.createBuilder(LettuceConnectionConfiguration.java:136)
	at org.springframework.boot.autoconfigure.data.redis.LettuceConnectionConfiguration.createBuilder(LettuceConnectionConfiguration.java:100)
	at org.springframework.boot.autoconfigure.data.redis.LettuceConnectionConfiguration.getLettuceClientConfiguration(LettuceConnectionConfiguration.java:86)
	at org.springframework.boot.autoconfigure.data.redis.LettuceConnectionConfiguration.redisConnectionFactory(LettuceConnectionConfiguration.java:68)
	at sun.reflect.NativeMethodAccessorImpl.invoke0(Native Method)
	at sun.reflect.NativeMethodAccessorImpl.invoke(NativeMethodAccessorImpl.java:62)
	at sun.reflect.DelegatingMethodAccessorImpl.invoke(DelegatingMethodAccessorImpl.java:43)
	at java.lang.reflect.Method.invoke(Method.java:498)
	at org.springframework.beans.factory.support.SimpleInstantiationStrategy.instantiate(SimpleInstantiationStrategy.java:154)
	... 34 common frames omitted
Caused by: java.lang.ClassNotFoundException: org.apache.commons.pool2.impl.GenericObjectPoolConfig
	at java.net.URLClassLoader.findClass(URLClassLoader.java:381)
	at java.lang.ClassLoader.loadClass(ClassLoader.java:424)
	at sun.misc.Launcher$AppClassLoader.loadClass(Launcher.java:338)
	at java.lang.ClassLoader.loadClass(ClassLoader.java:357)
	... 45 common frames omitted
2019-11-19T16:56:02.193+0800 | [main] | INFO  | com.example.redis.pubsub.RedisPubsubApplication.logStarting@(StartupInfoLogger.java:55) - Starting RedisPubsubApplication on DESKTOP-NOHAJOF with PID 21916 (E:\project\redis-pubsub\build\classes\java\main started by admin in E:\project\redis-pubsub)
2019-11-19T16:56:02.196+0800 | [main] | INFO  | com.example.redis.pubsub.RedisPubsubApplication.logStartupProfileInfo@(SpringApplication.java:655) - The following profiles are active: local
2019-11-19T16:56:02.693+0800 | [main] | INFO  | org.springframework.data.repository.config.RepositoryConfigurationDelegate.multipleStoresDetected@(RepositoryConfigurationDelegate.java:246) - Multiple Spring Data modules found, entering strict repository configuration mode!
2019-11-19T16:56:02.695+0800 | [main] | INFO  | org.springframework.data.repository.config.RepositoryConfigurationDelegate.registerRepositoriesIn@(RepositoryConfigurationDelegate.java:126) - Bootstrapping Spring Data repositories in DEFAULT mode.
2019-11-19T16:56:02.719+0800 | [main] | INFO  | org.springframework.data.repository.config.RepositoryConfigurationDelegate.registerRepositoriesIn@(RepositoryConfigurationDelegate.java:184) - Finished Spring Data repository scanning in 12ms. Found 0 repository interfaces.
2019-11-19T16:56:03.120+0800 | [main] | INFO  | org.springframework.boot.web.embedded.tomcat.TomcatWebServer.initialize@(TomcatWebServer.java:92) - Tomcat initialized with port(s): 8080 (http)
2019-11-19T16:56:03.128+0800 | [main] | INFO  | org.apache.coyote.http11.Http11NioProtocol.log@(DirectJDKLog.java:173) - Initializing ProtocolHandler ["http-nio-8080"]
2019-11-19T16:56:03.129+0800 | [main] | INFO  | org.apache.catalina.core.StandardService.log@(DirectJDKLog.java:173) - Starting service [Tomcat]
2019-11-19T16:56:03.129+0800 | [main] | INFO  | org.apache.catalina.core.StandardEngine.log@(DirectJDKLog.java:173) - Starting Servlet engine: [Apache Tomcat/9.0.27]
2019-11-19T16:56:03.195+0800 | [main] | INFO  | org.apache.catalina.core.ContainerBase.[Tomcat].[localhost].[/].log@(DirectJDKLog.java:173) - Initializing Spring embedded WebApplicationContext
2019-11-19T16:56:03.195+0800 | [main] | INFO  | org.springframework.web.context.ContextLoader.prepareWebApplicationContext@(ServletWebServerApplicationContext.java:284) - Root WebApplicationContext: initialization completed in 952 ms
2019-11-19T16:56:03.632+0800 | [main] | INFO  | org.springframework.scheduling.concurrent.ThreadPoolTaskExecutor.initialize@(ExecutorConfigurationSupport.java:171) - Initializing ExecutorService 'applicationTaskExecutor'
2019-11-19T16:56:03.979+0800 | [container-1] | INFO  | io.lettuce.core.EpollProvider.<clinit>@(EpollProvider.java:68) - Starting without optional epoll library
2019-11-19T16:56:03.980+0800 | [container-1] | INFO  | io.lettuce.core.KqueueProvider.<clinit>@(KqueueProvider.java:70) - Starting without optional kqueue library
2019-11-19T16:56:04.673+0800 | [main] | INFO  | org.apache.coyote.http11.Http11NioProtocol.log@(DirectJDKLog.java:173) - Starting ProtocolHandler ["http-nio-8080"]
2019-11-19T16:56:04.687+0800 | [main] | INFO  | org.springframework.boot.web.embedded.tomcat.TomcatWebServer.start@(TomcatWebServer.java:204) - Tomcat started on port(s): 8080 (http) with context path ''
2019-11-19T16:56:04.689+0800 | [main] | INFO  | com.example.redis.pubsub.RedisPubsubApplication.logStarted@(StartupInfoLogger.java:61) - Started RedisPubsubApplication in 2.838 seconds (JVM running for 3.65)
2019-11-19T17:54:05.045+0800 | [Test worker] | INFO  | org.springframework.boot.test.context.SpringBootTestContextBootstrapper.buildDefaultMergedContextConfiguration@(AbstractTestContextBootstrapper.java:308) - Neither @ContextConfiguration nor @ContextHierarchy found for test class [com.example.redis.pubsub.RedisPubsubApplicationTests], using SpringBootContextLoader
2019-11-19T17:54:05.056+0800 | [Test worker] | INFO  | org.springframework.test.context.support.AbstractContextLoader.generateDefaultLocations@(AbstractContextLoader.java:264) - Could not detect default resource locations for test class [com.example.redis.pubsub.RedisPubsubApplicationTests]: no resource found for suffixes {-context.xml, Context.groovy}.
2019-11-19T17:54:05.057+0800 | [Test worker] | INFO  | org.springframework.test.context.support.AnnotationConfigContextLoaderUtils.detectDefaultConfigurationClasses@(AnnotationConfigContextLoaderUtils.java:83) - Could not detect default configuration classes for test class [com.example.redis.pubsub.RedisPubsubApplicationTests]: RedisPubsubApplicationTests does not declare any static, non-private, non-final, nested classes annotated with @Configuration.
2019-11-19T17:54:05.156+0800 | [Test worker] | INFO  | org.springframework.boot.test.context.SpringBootTestContextBootstrapper.getOrFindConfigurationClasses@(SpringBootTestContextBootstrapper.java:235) - Found @SpringBootConfiguration com.example.redis.pubsub.RedisPubsubApplication for test class com.example.redis.pubsub.RedisPubsubApplicationTests
2019-11-19T17:54:05.256+0800 | [Test worker] | INFO  | org.springframework.boot.test.context.SpringBootTestContextBootstrapper.getDefaultTestExecutionListenerClassNames@(AbstractTestContextBootstrapper.java:248) - Loaded default TestExecutionListener class names from location [META-INF/spring.factories]: [org.springframework.boot.test.autoconfigure.restdocs.RestDocsTestExecutionListener, org.springframework.boot.test.autoconfigure.web.client.MockRestServiceServerResetTestExecutionListener, org.springframework.boot.test.autoconfigure.web.servlet.MockMvcPrintOnlyOnFailureTestExecutionListener, org.springframework.boot.test.autoconfigure.web.servlet.WebDriverTestExecutionListener, org.springframework.boot.test.mock.mockito.MockitoTestExecutionListener, org.springframework.boot.test.mock.mockito.ResetMocksTestExecutionListener, org.springframework.test.context.web.ServletTestExecutionListener, org.springframework.test.context.support.DirtiesContextBeforeModesTestExecutionListener, org.springframework.test.context.support.DependencyInjectionTestExecutionListener, org.springframework.test.context.support.DirtiesContextTestExecutionListener, org.springframework.test.context.transaction.TransactionalTestExecutionListener, org.springframework.test.context.jdbc.SqlScriptsTestExecutionListener, org.springframework.test.context.event.EventPublishingTestExecutionListener]
2019-11-19T17:54:05.271+0800 | [Test worker] | INFO  | org.springframework.boot.test.context.SpringBootTestContextBootstrapper.getTestExecutionListeners@(AbstractTestContextBootstrapper.java:177) - Using TestExecutionListeners: [org.springframework.test.context.web.ServletTestExecutionListener@277c2c8e, org.springframework.test.context.support.DirtiesContextBeforeModesTestExecutionListener@73d78db0, org.springframework.boot.test.mock.mockito.MockitoTestExecutionListener@492fcca0, org.springframework.boot.test.autoconfigure.SpringBootDependencyInjectionTestExecutionListener@2f1ac5bf, org.springframework.test.context.support.DirtiesContextTestExecutionListener@69c4948e, org.springframework.test.context.transaction.TransactionalTestExecutionListener@26312e0b, org.springframework.test.context.jdbc.SqlScriptsTestExecutionListener@114caca1, org.springframework.test.context.event.EventPublishingTestExecutionListener@6802a40a, org.springframework.boot.test.autoconfigure.restdocs.RestDocsTestExecutionListener@252f2d60, org.springframework.boot.test.autoconfigure.web.client.MockRestServiceServerResetTestExecutionListener@ac11eb8, org.springframework.boot.test.autoconfigure.web.servlet.MockMvcPrintOnlyOnFailureTestExecutionListener@7e9c82e5, org.springframework.boot.test.autoconfigure.web.servlet.WebDriverTestExecutionListener@3c34bc8, org.springframework.boot.test.mock.mockito.ResetMocksTestExecutionListener@5fdb32fd]
2019-11-19T17:54:05.596+0800 | [Test worker] | INFO  | com.example.redis.pubsub.RedisPubsubApplicationTests.logStarting@(StartupInfoLogger.java:55) - Starting RedisPubsubApplicationTests on DESKTOP-NOHAJOF with PID 20744 (started by admin in E:\project\redis-pubsub)
2019-11-19T17:54:05.596+0800 | [Test worker] | INFO  | com.example.redis.pubsub.RedisPubsubApplicationTests.logStartupProfileInfo@(SpringApplication.java:655) - The following profiles are active: local
2019-11-19T17:54:06.312+0800 | [Test worker] | INFO  | org.springframework.data.repository.config.RepositoryConfigurationDelegate.multipleStoresDetected@(RepositoryConfigurationDelegate.java:246) - Multiple Spring Data modules found, entering strict repository configuration mode!
2019-11-19T17:54:06.315+0800 | [Test worker] | INFO  | org.springframework.data.repository.config.RepositoryConfigurationDelegate.registerRepositoriesIn@(RepositoryConfigurationDelegate.java:126) - Bootstrapping Spring Data repositories in DEFAULT mode.
2019-11-19T17:54:06.342+0800 | [Test worker] | INFO  | org.springframework.data.repository.config.RepositoryConfigurationDelegate.registerRepositoriesIn@(RepositoryConfigurationDelegate.java:184) - Finished Spring Data repository scanning in 15ms. Found 0 repository interfaces.
2019-11-19T17:54:08.472+0800 | [Test worker] | INFO  | org.springframework.scheduling.concurrent.ThreadPoolTaskExecutor.initialize@(ExecutorConfigurationSupport.java:171) - Initializing ExecutorService 'applicationTaskExecutor'
2019-11-19T17:54:09.069+0800 | [container-1] | INFO  | io.lettuce.core.EpollProvider.<clinit>@(EpollProvider.java:68) - Starting without optional epoll library
2019-11-19T17:54:09.072+0800 | [container-1] | INFO  | io.lettuce.core.KqueueProvider.<clinit>@(KqueueProvider.java:70) - Starting without optional kqueue library
2019-11-19T17:54:09.873+0800 | [Test worker] | INFO  | com.example.redis.pubsub.RedisPubsubApplicationTests.logStarted@(StartupInfoLogger.java:61) - Started RedisPubsubApplicationTests in 4.57 seconds (JVM running for 6.143)
2019-11-19T17:54:10.145+0800 | [SpringContextShutdownHook] | INFO  | org.springframework.scheduling.concurrent.ThreadPoolTaskExecutor.shutdown@(ExecutorConfigurationSupport.java:208) - Shutting down ExecutorService 'applicationTaskExecutor'
2019-11-19T17:54:16.345+0800 | [main] | INFO  | com.example.redis.pubsub.RedisPubsubApplication.logStarting@(StartupInfoLogger.java:55) - Starting RedisPubsubApplication on DESKTOP-NOHAJOF with PID 21604 (E:\project\redis-pubsub\build\classes\java\main started by admin in E:\project\redis-pubsub)
2019-11-19T17:54:16.349+0800 | [main] | INFO  | com.example.redis.pubsub.RedisPubsubApplication.logStartupProfileInfo@(SpringApplication.java:655) - The following profiles are active: local
2019-11-19T17:54:16.888+0800 | [main] | INFO  | org.springframework.data.repository.config.RepositoryConfigurationDelegate.multipleStoresDetected@(RepositoryConfigurationDelegate.java:246) - Multiple Spring Data modules found, entering strict repository configuration mode!
2019-11-19T17:54:16.890+0800 | [main] | INFO  | org.springframework.data.repository.config.RepositoryConfigurationDelegate.registerRepositoriesIn@(RepositoryConfigurationDelegate.java:126) - Bootstrapping Spring Data repositories in DEFAULT mode.
2019-11-19T17:54:16.914+0800 | [main] | INFO  | org.springframework.data.repository.config.RepositoryConfigurationDelegate.registerRepositoriesIn@(RepositoryConfigurationDelegate.java:184) - Finished Spring Data repository scanning in 12ms. Found 0 repository interfaces.
2019-11-19T17:54:17.305+0800 | [main] | INFO  | org.springframework.boot.web.embedded.tomcat.TomcatWebServer.initialize@(TomcatWebServer.java:92) - Tomcat initialized with port(s): 8080 (http)
2019-11-19T17:54:17.313+0800 | [main] | INFO  | org.apache.coyote.http11.Http11NioProtocol.log@(DirectJDKLog.java:173) - Initializing ProtocolHandler ["http-nio-8080"]
2019-11-19T17:54:17.314+0800 | [main] | INFO  | org.apache.catalina.core.StandardService.log@(DirectJDKLog.java:173) - Starting service [Tomcat]
2019-11-19T17:54:17.314+0800 | [main] | INFO  | org.apache.catalina.core.StandardEngine.log@(DirectJDKLog.java:173) - Starting Servlet engine: [Apache Tomcat/9.0.27]
2019-11-19T17:54:17.385+0800 | [main] | INFO  | org.apache.catalina.core.ContainerBase.[Tomcat].[localhost].[/].log@(DirectJDKLog.java:173) - Initializing Spring embedded WebApplicationContext
2019-11-19T17:54:17.385+0800 | [main] | INFO  | org.springframework.web.context.ContextLoader.prepareWebApplicationContext@(ServletWebServerApplicationContext.java:284) - Root WebApplicationContext: initialization completed in 969 ms
2019-11-19T17:54:17.847+0800 | [main] | INFO  | org.springframework.scheduling.concurrent.ThreadPoolTaskExecutor.initialize@(ExecutorConfigurationSupport.java:171) - Initializing ExecutorService 'applicationTaskExecutor'
2019-11-19T17:54:18.181+0800 | [container-1] | INFO  | io.lettuce.core.EpollProvider.<clinit>@(EpollProvider.java:68) - Starting without optional epoll library
2019-11-19T17:54:18.184+0800 | [container-1] | INFO  | io.lettuce.core.KqueueProvider.<clinit>@(KqueueProvider.java:70) - Starting without optional kqueue library
2019-11-19T17:54:18.889+0800 | [main] | INFO  | org.apache.coyote.http11.Http11NioProtocol.log@(DirectJDKLog.java:173) - Starting ProtocolHandler ["http-nio-8080"]
2019-11-19T17:54:18.911+0800 | [main] | INFO  | org.springframework.boot.web.embedded.tomcat.TomcatWebServer.start@(TomcatWebServer.java:204) - Tomcat started on port(s): 8080 (http) with context path ''
2019-11-19T17:54:18.913+0800 | [main] | INFO  | com.example.redis.pubsub.RedisPubsubApplication.logStarted@(StartupInfoLogger.java:61) - Started RedisPubsubApplication in 2.88 seconds (JVM running for 3.62)
2019-11-19T17:55:15.798+0800 | [http-nio-8080-exec-2] | INFO  | org.apache.catalina.core.ContainerBase.[Tomcat].[localhost].[/].log@(DirectJDKLog.java:173) - Initializing Spring DispatcherServlet 'dispatcherServlet'
2019-11-19T17:55:15.798+0800 | [http-nio-8080-exec-2] | INFO  | org.springframework.web.servlet.DispatcherServlet.initServletBean@(FrameworkServlet.java:525) - Initializing Servlet 'dispatcherServlet'
2019-11-19T17:55:15.804+0800 | [http-nio-8080-exec-2] | INFO  | org.springframework.web.servlet.DispatcherServlet.initServletBean@(FrameworkServlet.java:547) - Completed initialization in 6 ms
2019-11-19T17:56:31.971+0800 | [main] | INFO  | com.example.redis.pubsub.RedisPubsubApplication.logStarting@(StartupInfoLogger.java:55) - Starting RedisPubsubApplication on DESKTOP-NOHAJOF with PID 20112 (E:\project\redis-pubsub\build\classes\java\main started by admin in E:\project\redis-pubsub)
2019-11-19T17:56:31.974+0800 | [main] | INFO  | com.example.redis.pubsub.RedisPubsubApplication.logStartupProfileInfo@(SpringApplication.java:655) - The following profiles are active: local
2019-11-19T17:56:32.534+0800 | [main] | INFO  | org.springframework.data.repository.config.RepositoryConfigurationDelegate.multipleStoresDetected@(RepositoryConfigurationDelegate.java:246) - Multiple Spring Data modules found, entering strict repository configuration mode!
2019-11-19T17:56:32.536+0800 | [main] | INFO  | org.springframework.data.repository.config.RepositoryConfigurationDelegate.registerRepositoriesIn@(RepositoryConfigurationDelegate.java:126) - Bootstrapping Spring Data repositories in DEFAULT mode.
2019-11-19T17:56:32.568+0800 | [main] | INFO  | org.springframework.data.repository.config.RepositoryConfigurationDelegate.registerRepositoriesIn@(RepositoryConfigurationDelegate.java:184) - Finished Spring Data repository scanning in 15ms. Found 0 repository interfaces.
2019-11-19T17:56:33.080+0800 | [main] | INFO  | org.springframework.boot.web.embedded.tomcat.TomcatWebServer.initialize@(TomcatWebServer.java:92) - Tomcat initialized with port(s): 8080 (http)
2019-11-19T17:56:33.089+0800 | [main] | INFO  | org.apache.coyote.http11.Http11NioProtocol.log@(DirectJDKLog.java:173) - Initializing ProtocolHandler ["http-nio-8080"]
2019-11-19T17:56:33.089+0800 | [main] | INFO  | org.apache.catalina.core.StandardService.log@(DirectJDKLog.java:173) - Starting service [Tomcat]
2019-11-19T17:56:33.089+0800 | [main] | INFO  | org.apache.catalina.core.StandardEngine.log@(DirectJDKLog.java:173) - Starting Servlet engine: [Apache Tomcat/9.0.27]
2019-11-19T17:56:33.168+0800 | [main] | INFO  | org.apache.catalina.core.ContainerBase.[Tomcat].[localhost].[/].log@(DirectJDKLog.java:173) - Initializing Spring embedded WebApplicationContext
2019-11-19T17:56:33.169+0800 | [main] | INFO  | org.springframework.web.context.ContextLoader.prepareWebApplicationContext@(ServletWebServerApplicationContext.java:284) - Root WebApplicationContext: initialization completed in 1154 ms
2019-11-19T17:56:33.678+0800 | [main] | INFO  | org.springframework.scheduling.concurrent.ThreadPoolTaskExecutor.initialize@(ExecutorConfigurationSupport.java:171) - Initializing ExecutorService 'applicationTaskExecutor'
2019-11-19T17:56:34.033+0800 | [container-1] | INFO  | io.lettuce.core.EpollProvider.<clinit>@(EpollProvider.java:68) - Starting without optional epoll library
2019-11-19T17:56:34.035+0800 | [container-1] | INFO  | io.lettuce.core.KqueueProvider.<clinit>@(KqueueProvider.java:70) - Starting without optional kqueue library
2019-11-19T17:56:34.807+0800 | [main] | INFO  | org.apache.coyote.http11.Http11NioProtocol.log@(DirectJDKLog.java:173) - Starting ProtocolHandler ["http-nio-8080"]
2019-11-19T17:56:34.838+0800 | [main] | INFO  | org.springframework.boot.web.embedded.tomcat.TomcatWebServer.start@(TomcatWebServer.java:204) - Tomcat started on port(s): 8080 (http) with context path ''
2019-11-19T17:56:34.844+0800 | [main] | INFO  | com.example.redis.pubsub.RedisPubsubApplication.logStarted@(StartupInfoLogger.java:61) - Started RedisPubsubApplication in 3.278 seconds (JVM running for 4.749)
2019-11-19T17:56:52.161+0800 | [http-nio-8080-exec-1] | INFO  | org.apache.catalina.core.ContainerBase.[Tomcat].[localhost].[/].log@(DirectJDKLog.java:173) - Initializing Spring DispatcherServlet 'dispatcherServlet'
2019-11-19T17:56:52.161+0800 | [http-nio-8080-exec-1] | INFO  | org.springframework.web.servlet.DispatcherServlet.initServletBean@(FrameworkServlet.java:525) - Initializing Servlet 'dispatcherServlet'
2019-11-19T17:56:52.168+0800 | [http-nio-8080-exec-1] | INFO  | org.springframework.web.servlet.DispatcherServlet.initServletBean@(FrameworkServlet.java:547) - Completed initialization in 7 ms
2019-11-19T18:06:38.699+0800 | [main] | INFO  | com.example.redis.pubsub.RedisPubsubApplication.logStarting@(StartupInfoLogger.java:55) - Starting RedisPubsubApplication on DESKTOP-NOHAJOF with PID 22020 (E:\project\redis-pubsub\build\classes\java\main started by admin in E:\project\redis-pubsub)
2019-11-19T18:06:38.703+0800 | [main] | INFO  | com.example.redis.pubsub.RedisPubsubApplication.logStartupProfileInfo@(SpringApplication.java:655) - The following profiles are active: local
2019-11-19T18:06:39.339+0800 | [main] | INFO  | org.springframework.data.repository.config.RepositoryConfigurationDelegate.multipleStoresDetected@(RepositoryConfigurationDelegate.java:246) - Multiple Spring Data modules found, entering strict repository configuration mode!
2019-11-19T18:06:39.342+0800 | [main] | INFO  | org.springframework.data.repository.config.RepositoryConfigurationDelegate.registerRepositoriesIn@(RepositoryConfigurationDelegate.java:126) - Bootstrapping Spring Data repositories in DEFAULT mode.
2019-11-19T18:06:39.377+0800 | [main] | INFO  | org.springframework.data.repository.config.RepositoryConfigurationDelegate.registerRepositoriesIn@(RepositoryConfigurationDelegate.java:184) - Finished Spring Data repository scanning in 15ms. Found 0 repository interfaces.
2019-11-19T18:06:39.919+0800 | [main] | INFO  | org.springframework.boot.web.embedded.tomcat.TomcatWebServer.initialize@(TomcatWebServer.java:92) - Tomcat initialized with port(s): 8080 (http)
2019-11-19T18:06:39.931+0800 | [main] | INFO  | org.apache.coyote.http11.Http11NioProtocol.log@(DirectJDKLog.java:173) - Initializing ProtocolHandler ["http-nio-8080"]
2019-11-19T18:06:39.931+0800 | [main] | INFO  | org.apache.catalina.core.StandardService.log@(DirectJDKLog.java:173) - Starting service [Tomcat]
2019-11-19T18:06:39.932+0800 | [main] | INFO  | org.apache.catalina.core.StandardEngine.log@(DirectJDKLog.java:173) - Starting Servlet engine: [Apache Tomcat/9.0.27]
2019-11-19T18:06:40.028+0800 | [main] | INFO  | org.apache.catalina.core.ContainerBase.[Tomcat].[localhost].[/].log@(DirectJDKLog.java:173) - Initializing Spring embedded WebApplicationContext
2019-11-19T18:06:40.028+0800 | [main] | INFO  | org.springframework.web.context.ContextLoader.prepareWebApplicationContext@(ServletWebServerApplicationContext.java:284) - Root WebApplicationContext: initialization completed in 1280 ms
2019-11-19T18:06:40.558+0800 | [main] | INFO  | org.springframework.scheduling.concurrent.ThreadPoolTaskExecutor.initialize@(ExecutorConfigurationSupport.java:171) - Initializing ExecutorService 'applicationTaskExecutor'
2019-11-19T18:06:40.724+0800 | [main] | INFO  | com.alibaba.druid.spring.boot.autoconfigure.DruidDataSourceAutoConfigure.dataSource@(DruidDataSourceAutoConfigure.java:56) - Init DruidDataSource
2019-11-19T18:06:40.785+0800 | [main] | WARN  | org.springframework.boot.web.servlet.context.AnnotationConfigServletWebServerApplicationContext.refresh@(AbstractApplicationContext.java:558) - Exception encountered during context initialization - cancelling refresh attempt: org.springframework.beans.factory.UnsatisfiedDependencyException: Error creating bean with name 'dataSource': Unsatisfied dependency expressed through field 'basicProperties'; nested exception is org.springframework.beans.factory.BeanCreationException: Error creating bean with name 'spring.datasource-org.springframework.boot.autoconfigure.jdbc.DataSourceProperties': Instantiation of bean failed; nested exception is org.springframework.beans.BeanInstantiationException: Failed to instantiate [org.springframework.boot.autoconfigure.jdbc.DataSourceProperties]: Constructor threw exception; nested exception is java.lang.NoClassDefFoundError: org/springframework/jdbc/datasource/embedded/EmbeddedDatabaseType
2019-11-19T18:06:40.786+0800 | [main] | INFO  | org.springframework.scheduling.concurrent.ThreadPoolTaskExecutor.shutdown@(ExecutorConfigurationSupport.java:208) - Shutting down ExecutorService 'applicationTaskExecutor'
2019-11-19T18:06:40.810+0800 | [main] | INFO  | org.apache.catalina.core.StandardService.log@(DirectJDKLog.java:173) - Stopping service [Tomcat]
2019-11-19T18:06:40.824+0800 | [main] | INFO  | org.springframework.boot.autoconfigure.logging.ConditionEvaluationReportLoggingListener.logMessage@(ConditionEvaluationReportLoggingListener.java:136) - 

Error starting ApplicationContext. To display the conditions report re-run your application with 'debug' enabled.
2019-11-19T18:06:40.833+0800 | [main] | ERROR | org.springframework.boot.SpringApplication.reportFailure@(SpringApplication.java:826) - Application run failed
org.springframework.beans.factory.UnsatisfiedDependencyException: Error creating bean with name 'dataSource': Unsatisfied dependency expressed through field 'basicProperties'; nested exception is org.springframework.beans.factory.BeanCreationException: Error creating bean with name 'spring.datasource-org.springframework.boot.autoconfigure.jdbc.DataSourceProperties': Instantiation of bean failed; nested exception is org.springframework.beans.BeanInstantiationException: Failed to instantiate [org.springframework.boot.autoconfigure.jdbc.DataSourceProperties]: Constructor threw exception; nested exception is java.lang.NoClassDefFoundError: org/springframework/jdbc/datasource/embedded/EmbeddedDatabaseType
	at org.springframework.beans.factory.annotation.AutowiredAnnotationBeanPostProcessor$AutowiredFieldElement.inject(AutowiredAnnotationBeanPostProcessor.java:639)
	at org.springframework.beans.factory.annotation.InjectionMetadata.inject(InjectionMetadata.java:116)
	at org.springframework.beans.factory.annotation.AutowiredAnnotationBeanPostProcessor.postProcessProperties(AutowiredAnnotationBeanPostProcessor.java:397)
	at org.springframework.beans.factory.support.AbstractAutowireCapableBeanFactory.populateBean(AbstractAutowireCapableBeanFactory.java:1429)
	at org.springframework.beans.factory.support.AbstractAutowireCapableBeanFactory.doCreateBean(AbstractAutowireCapableBeanFactory.java:594)
	at org.springframework.beans.factory.support.AbstractAutowireCapableBeanFactory.createBean(AbstractAutowireCapableBeanFactory.java:517)
	at org.springframework.beans.factory.support.AbstractBeanFactory.lambda$doGetBean$0(AbstractBeanFactory.java:323)
	at org.springframework.beans.factory.support.DefaultSingletonBeanRegistry.getSingleton(DefaultSingletonBeanRegistry.java:222)
	at org.springframework.beans.factory.support.AbstractBeanFactory.doGetBean(AbstractBeanFactory.java:321)
	at org.springframework.beans.factory.support.AbstractBeanFactory.getBean(AbstractBeanFactory.java:202)
	at org.springframework.beans.factory.support.DefaultListableBeanFactory.preInstantiateSingletons(DefaultListableBeanFactory.java:879)
	at org.springframework.context.support.AbstractApplicationContext.finishBeanFactoryInitialization(AbstractApplicationContext.java:878)
	at org.springframework.context.support.AbstractApplicationContext.refresh(AbstractApplicationContext.java:550)
	at org.springframework.boot.web.servlet.context.ServletWebServerApplicationContext.refresh(ServletWebServerApplicationContext.java:141)
	at org.springframework.boot.SpringApplication.refresh(SpringApplication.java:747)
	at org.springframework.boot.SpringApplication.refreshContext(SpringApplication.java:397)
	at org.springframework.boot.SpringApplication.run(SpringApplication.java:315)
	at org.springframework.boot.SpringApplication.run(SpringApplication.java:1226)
	at org.springframework.boot.SpringApplication.run(SpringApplication.java:1215)
	at com.example.redis.pubsub.RedisPubsubApplication.main(RedisPubsubApplication.java:10)
Caused by: org.springframework.beans.factory.BeanCreationException: Error creating bean with name 'spring.datasource-org.springframework.boot.autoconfigure.jdbc.DataSourceProperties': Instantiation of bean failed; nested exception is org.springframework.beans.BeanInstantiationException: Failed to instantiate [org.springframework.boot.autoconfigure.jdbc.DataSourceProperties]: Constructor threw exception; nested exception is java.lang.NoClassDefFoundError: org/springframework/jdbc/datasource/embedded/EmbeddedDatabaseType
	at org.springframework.beans.factory.support.AbstractAutowireCapableBeanFactory.instantiateBean(AbstractAutowireCapableBeanFactory.java:1320)
	at org.springframework.beans.factory.support.AbstractAutowireCapableBeanFactory.createBeanInstance(AbstractAutowireCapableBeanFactory.java:1214)
	at org.springframework.beans.factory.support.AbstractAutowireCapableBeanFactory.doCreateBean(AbstractAutowireCapableBeanFactory.java:557)
	at org.springframework.beans.factory.support.AbstractAutowireCapableBeanFactory.createBean(AbstractAutowireCapableBeanFactory.java:517)
	at org.springframework.beans.factory.support.AbstractBeanFactory.lambda$doGetBean$0(AbstractBeanFactory.java:323)
	at org.springframework.beans.factory.support.DefaultSingletonBeanRegistry.getSingleton(DefaultSingletonBeanRegistry.java:222)
	at org.springframework.beans.factory.support.AbstractBeanFactory.doGetBean(AbstractBeanFactory.java:321)
	at org.springframework.beans.factory.support.AbstractBeanFactory.getBean(AbstractBeanFactory.java:202)
	at org.springframework.beans.factory.config.DependencyDescriptor.resolveCandidate(DependencyDescriptor.java:276)
	at org.springframework.beans.factory.support.DefaultListableBeanFactory.doResolveDependency(DefaultListableBeanFactory.java:1287)
	at org.springframework.beans.factory.support.DefaultListableBeanFactory.resolveDependency(DefaultListableBeanFactory.java:1207)
	at org.springframework.beans.factory.annotation.AutowiredAnnotationBeanPostProcessor$AutowiredFieldElement.inject(AutowiredAnnotationBeanPostProcessor.java:636)
	... 19 common frames omitted
Caused by: org.springframework.beans.BeanInstantiationException: Failed to instantiate [org.springframework.boot.autoconfigure.jdbc.DataSourceProperties]: Constructor threw exception; nested exception is java.lang.NoClassDefFoundError: org/springframework/jdbc/datasource/embedded/EmbeddedDatabaseType
	at org.springframework.beans.BeanUtils.instantiateClass(BeanUtils.java:213)
	at org.springframework.beans.factory.support.SimpleInstantiationStrategy.instantiate(SimpleInstantiationStrategy.java:87)
	at org.springframework.beans.factory.support.AbstractAutowireCapableBeanFactory.instantiateBean(AbstractAutowireCapableBeanFactory.java:1312)
	... 30 common frames omitted
Caused by: java.lang.NoClassDefFoundError: org/springframework/jdbc/datasource/embedded/EmbeddedDatabaseType
	at org.springframework.boot.jdbc.EmbeddedDatabaseConnection.<clinit>(EmbeddedDatabaseConnection.java:51)
	at org.springframework.boot.autoconfigure.jdbc.DataSourceProperties.<init>(DataSourceProperties.java:152)
	at sun.reflect.NativeConstructorAccessorImpl.newInstance0(Native Method)
	at sun.reflect.NativeConstructorAccessorImpl.newInstance(NativeConstructorAccessorImpl.java:62)
	at sun.reflect.DelegatingConstructorAccessorImpl.newInstance(DelegatingConstructorAccessorImpl.java:45)
	at java.lang.reflect.Constructor.newInstance(Constructor.java:423)
	at org.springframework.beans.BeanUtils.instantiateClass(BeanUtils.java:200)
	... 32 common frames omitted
Caused by: java.lang.ClassNotFoundException: org.springframework.jdbc.datasource.embedded.EmbeddedDatabaseType
	at java.net.URLClassLoader.findClass(URLClassLoader.java:381)
	at java.lang.ClassLoader.loadClass(ClassLoader.java:424)
	at sun.misc.Launcher$AppClassLoader.loadClass(Launcher.java:338)
	at java.lang.ClassLoader.loadClass(ClassLoader.java:357)
	... 39 common frames omitted
2019-11-19T18:07:37.236+0800 | [main] | INFO  | com.example.redis.pubsub.RedisPubsubApplication.logStarting@(StartupInfoLogger.java:55) - Starting RedisPubsubApplication on DESKTOP-NOHAJOF with PID 24128 (E:\project\redis-pubsub\build\classes\java\main started by admin in E:\project\redis-pubsub)
2019-11-19T18:07:37.239+0800 | [main] | INFO  | com.example.redis.pubsub.RedisPubsubApplication.logStartupProfileInfo@(SpringApplication.java:655) - The following profiles are active: local
2019-11-19T18:07:37.792+0800 | [main] | INFO  | org.springframework.data.repository.config.RepositoryConfigurationDelegate.multipleStoresDetected@(RepositoryConfigurationDelegate.java:246) - Multiple Spring Data modules found, entering strict repository configuration mode!
2019-11-19T18:07:37.794+0800 | [main] | INFO  | org.springframework.data.repository.config.RepositoryConfigurationDelegate.registerRepositoriesIn@(RepositoryConfigurationDelegate.java:126) - Bootstrapping Spring Data repositories in DEFAULT mode.
2019-11-19T18:07:37.824+0800 | [main] | INFO  | org.springframework.data.repository.config.RepositoryConfigurationDelegate.registerRepositoriesIn@(RepositoryConfigurationDelegate.java:184) - Finished Spring Data repository scanning in 13ms. Found 0 repository interfaces.
2019-11-19T18:07:38.337+0800 | [main] | INFO  | org.springframework.boot.web.embedded.tomcat.TomcatWebServer.initialize@(TomcatWebServer.java:92) - Tomcat initialized with port(s): 8080 (http)
2019-11-19T18:07:38.348+0800 | [main] | INFO  | org.apache.coyote.http11.Http11NioProtocol.log@(DirectJDKLog.java:173) - Initializing ProtocolHandler ["http-nio-8080"]
2019-11-19T18:07:38.348+0800 | [main] | INFO  | org.apache.catalina.core.StandardService.log@(DirectJDKLog.java:173) - Starting service [Tomcat]
2019-11-19T18:07:38.348+0800 | [main] | INFO  | org.apache.catalina.core.StandardEngine.log@(DirectJDKLog.java:173) - Starting Servlet engine: [Apache Tomcat/9.0.27]
2019-11-19T18:07:38.426+0800 | [main] | INFO  | org.apache.catalina.core.ContainerBase.[Tomcat].[localhost].[/].log@(DirectJDKLog.java:173) - Initializing Spring embedded WebApplicationContext
2019-11-19T18:07:38.426+0800 | [main] | INFO  | org.springframework.web.context.ContextLoader.prepareWebApplicationContext@(ServletWebServerApplicationContext.java:284) - Root WebApplicationContext: initialization completed in 1146 ms
2019-11-19T18:07:38.945+0800 | [main] | INFO  | org.springframework.scheduling.concurrent.ThreadPoolTaskExecutor.initialize@(ExecutorConfigurationSupport.java:171) - Initializing ExecutorService 'applicationTaskExecutor'
2019-11-19T18:07:39.306+0800 | [container-1] | INFO  | io.lettuce.core.EpollProvider.<clinit>@(EpollProvider.java:68) - Starting without optional epoll library
2019-11-19T18:07:39.307+0800 | [container-1] | INFO  | io.lettuce.core.KqueueProvider.<clinit>@(KqueueProvider.java:70) - Starting without optional kqueue library
2019-11-19T18:07:40.043+0800 | [main] | INFO  | org.apache.coyote.http11.Http11NioProtocol.log@(DirectJDKLog.java:173) - Starting ProtocolHandler ["http-nio-8080"]
2019-11-19T18:07:40.061+0800 | [main] | INFO  | org.springframework.boot.web.embedded.tomcat.TomcatWebServer.start@(TomcatWebServer.java:204) - Tomcat started on port(s): 8080 (http) with context path ''
2019-11-19T18:07:40.065+0800 | [main] | INFO  | com.example.redis.pubsub.RedisPubsubApplication.logStarted@(StartupInfoLogger.java:61) - Started RedisPubsubApplication in 3.225 seconds (JVM running for 4.122)
2019-11-19T18:08:10.174+0800 | [http-nio-8080-exec-3] | INFO  | org.apache.catalina.core.ContainerBase.[Tomcat].[localhost].[/].log@(DirectJDKLog.java:173) - Initializing Spring DispatcherServlet 'dispatcherServlet'
2019-11-19T18:08:10.174+0800 | [http-nio-8080-exec-3] | INFO  | org.springframework.web.servlet.DispatcherServlet.initServletBean@(FrameworkServlet.java:525) - Initializing Servlet 'dispatcherServlet'
2019-11-19T18:08:10.181+0800 | [http-nio-8080-exec-3] | INFO  | org.springframework.web.servlet.DispatcherServlet.initServletBean@(FrameworkServlet.java:547) - Completed initialization in 7 ms
2019-11-19T18:08:52.538+0800 | [SpringContextShutdownHook] | INFO  | org.springframework.scheduling.concurrent.ThreadPoolTaskExecutor.shutdown@(ExecutorConfigurationSupport.java:208) - Shutting down ExecutorService 'applicationTaskExecutor'
2019-11-19T18:13:06.934+0800 | [main] | INFO  | com.example.redis.pubsub.RedisPubsubApplication.logStarting@(StartupInfoLogger.java:55) - Starting RedisPubsubApplication on DESKTOP-NOHAJOF with PID 24032 (E:\project\redis-pubsub\build\classes\java\main started by admin in E:\project\redis-pubsub)
2019-11-19T18:13:06.938+0800 | [main] | INFO  | com.example.redis.pubsub.RedisPubsubApplication.logStartupProfileInfo@(SpringApplication.java:655) - The following profiles are active: local
2019-11-19T18:13:07.510+0800 | [main] | INFO  | org.springframework.data.repository.config.RepositoryConfigurationDelegate.multipleStoresDetected@(RepositoryConfigurationDelegate.java:246) - Multiple Spring Data modules found, entering strict repository configuration mode!
2019-11-19T18:13:07.513+0800 | [main] | INFO  | org.springframework.data.repository.config.RepositoryConfigurationDelegate.registerRepositoriesIn@(RepositoryConfigurationDelegate.java:126) - Bootstrapping Spring Data repositories in DEFAULT mode.
2019-11-19T18:13:07.542+0800 | [main] | INFO  | org.springframework.data.repository.config.RepositoryConfigurationDelegate.registerRepositoriesIn@(RepositoryConfigurationDelegate.java:184) - Finished Spring Data repository scanning in 14ms. Found 0 repository interfaces.
2019-11-19T18:13:08.040+0800 | [main] | INFO  | org.springframework.boot.web.embedded.tomcat.TomcatWebServer.initialize@(TomcatWebServer.java:92) - Tomcat initialized with port(s): 8080 (http)
2019-11-19T18:13:08.050+0800 | [main] | INFO  | org.apache.coyote.http11.Http11NioProtocol.log@(DirectJDKLog.java:173) - Initializing ProtocolHandler ["http-nio-8080"]
2019-11-19T18:13:08.051+0800 | [main] | INFO  | org.apache.catalina.core.StandardService.log@(DirectJDKLog.java:173) - Starting service [Tomcat]
2019-11-19T18:13:08.051+0800 | [main] | INFO  | org.apache.catalina.core.StandardEngine.log@(DirectJDKLog.java:173) - Starting Servlet engine: [Apache Tomcat/9.0.27]
2019-11-19T18:13:08.132+0800 | [main] | INFO  | org.apache.catalina.core.ContainerBase.[Tomcat].[localhost].[/].log@(DirectJDKLog.java:173) - Initializing Spring embedded WebApplicationContext
2019-11-19T18:13:08.132+0800 | [main] | INFO  | org.springframework.web.context.ContextLoader.prepareWebApplicationContext@(ServletWebServerApplicationContext.java:284) - Root WebApplicationContext: initialization completed in 1154 ms
2019-11-19T18:13:08.180+0800 | [main] | WARN  | org.springframework.boot.web.servlet.context.AnnotationConfigServletWebServerApplicationContext.refresh@(AbstractApplicationContext.java:558) - Exception encountered during context initialization - cancelling refresh attempt: org.springframework.beans.factory.UnsatisfiedDependencyException: Error creating bean with name 'redisConfig' defined in file [E:\project\redis-pubsub\build\classes\java\main\com\example\redis\pubsub\config\RedisConfig.class]: Unsatisfied dependency expressed through constructor parameter 0; nested exception is org.springframework.beans.factory.UnsatisfiedDependencyException: Error creating bean with name 'IMUserSub': Unsatisfied dependency expressed through field 'redisUtil'; nested exception is org.springframework.beans.factory.UnsatisfiedDependencyException: Error creating bean with name 'redisUtil': Unsatisfied dependency expressed through field 'redisTemplate'; nested exception is org.springframework.beans.factory.BeanCurrentlyInCreationException: Error creating bean with name 'redisConfig': Requested bean is currently in creation: Is there an unresolvable circular reference?
2019-11-19T18:13:08.183+0800 | [main] | INFO  | org.apache.catalina.core.StandardService.log@(DirectJDKLog.java:173) - Stopping service [Tomcat]
2019-11-19T18:13:08.193+0800 | [main] | INFO  | org.springframework.boot.autoconfigure.logging.ConditionEvaluationReportLoggingListener.logMessage@(ConditionEvaluationReportLoggingListener.java:136) - 

Error starting ApplicationContext. To display the conditions report re-run your application with 'debug' enabled.
2019-11-19T18:13:08.197+0800 | [main] | ERROR | org.springframework.boot.diagnostics.LoggingFailureAnalysisReporter.report@(LoggingFailureAnalysisReporter.java:40) - 

***************************
APPLICATION FAILED TO START
***************************

Description:

The dependencies of some of the beans in the application context form a cycle:


|  redisConfig defined in file [E:\project\redis-pubsub\build\classes\java\main\com\example\redis\pubsub\config\RedisConfig.class]
     
|  IMUserSub (field private com.example.redis.pubsub.util.RedisUtil com.example.redis.pubsub.subscribe.IMUserSub.redisUtil)
     
|  redisUtil (field private org.springframework.data.redis.core.RedisTemplate com.example.redis.pubsub.util.RedisUtil.redisTemplate)



2019-11-19T18:19:56.302+0800 | [main] | INFO  | com.example.redis.pubsub.RedisPubsubApplication.logStarting@(StartupInfoLogger.java:55) - Starting RedisPubsubApplication on DESKTOP-NOHAJOF with PID 23968 (E:\project\redis-pubsub\build\classes\java\main started by admin in E:\project\redis-pubsub)
2019-11-19T18:19:56.306+0800 | [main] | INFO  | com.example.redis.pubsub.RedisPubsubApplication.logStartupProfileInfo@(SpringApplication.java:655) - The following profiles are active: local
2019-11-19T18:19:56.891+0800 | [main] | INFO  | org.springframework.data.repository.config.RepositoryConfigurationDelegate.multipleStoresDetected@(RepositoryConfigurationDelegate.java:246) - Multiple Spring Data modules found, entering strict repository configuration mode!
2019-11-19T18:19:56.893+0800 | [main] | INFO  | org.springframework.data.repository.config.RepositoryConfigurationDelegate.registerRepositoriesIn@(RepositoryConfigurationDelegate.java:126) - Bootstrapping Spring Data repositories in DEFAULT mode.
2019-11-19T18:19:56.923+0800 | [main] | INFO  | org.springframework.data.repository.config.RepositoryConfigurationDelegate.registerRepositoriesIn@(RepositoryConfigurationDelegate.java:184) - Finished Spring Data repository scanning in 15ms. Found 0 repository interfaces.
2019-11-19T18:19:57.416+0800 | [main] | INFO  | org.springframework.boot.web.embedded.tomcat.TomcatWebServer.initialize@(TomcatWebServer.java:92) - Tomcat initialized with port(s): 8080 (http)
2019-11-19T18:19:57.426+0800 | [main] | INFO  | org.apache.coyote.http11.Http11NioProtocol.log@(DirectJDKLog.java:173) - Initializing ProtocolHandler ["http-nio-8080"]
2019-11-19T18:19:57.427+0800 | [main] | INFO  | org.apache.catalina.core.StandardService.log@(DirectJDKLog.java:173) - Starting service [Tomcat]
2019-11-19T18:19:57.427+0800 | [main] | INFO  | org.apache.catalina.core.StandardEngine.log@(DirectJDKLog.java:173) - Starting Servlet engine: [Apache Tomcat/9.0.27]
2019-11-19T18:19:57.505+0800 | [main] | INFO  | org.apache.catalina.core.ContainerBase.[Tomcat].[localhost].[/].log@(DirectJDKLog.java:173) - Initializing Spring embedded WebApplicationContext
2019-11-19T18:19:57.506+0800 | [main] | INFO  | org.springframework.web.context.ContextLoader.prepareWebApplicationContext@(ServletWebServerApplicationContext.java:284) - Root WebApplicationContext: initialization completed in 1158 ms
2019-11-19T18:19:57.555+0800 | [main] | WARN  | org.springframework.boot.web.servlet.context.AnnotationConfigServletWebServerApplicationContext.refresh@(AbstractApplicationContext.java:558) - Exception encountered during context initialization - cancelling refresh attempt: org.springframework.beans.factory.UnsatisfiedDependencyException: Error creating bean with name 'redisConfig' defined in file [E:\project\redis-pubsub\build\classes\java\main\com\example\redis\pubsub\config\RedisConfig.class]: Unsatisfied dependency expressed through constructor parameter 0; nested exception is org.springframework.beans.factory.UnsatisfiedDependencyException: Error creating bean with name 'IMUserSub': Unsatisfied dependency expressed through field 'redisUtil'; nested exception is org.springframework.beans.factory.UnsatisfiedDependencyException: Error creating bean with name 'redisUtil': Unsatisfied dependency expressed through field 'redisTemplate'; nested exception is org.springframework.beans.factory.BeanCurrentlyInCreationException: Error creating bean with name 'redisConfig': Requested bean is currently in creation: Is there an unresolvable circular reference?
2019-11-19T18:19:57.558+0800 | [main] | INFO  | org.apache.catalina.core.StandardService.log@(DirectJDKLog.java:173) - Stopping service [Tomcat]
2019-11-19T18:19:57.569+0800 | [main] | INFO  | org.springframework.boot.autoconfigure.logging.ConditionEvaluationReportLoggingListener.logMessage@(ConditionEvaluationReportLoggingListener.java:136) - 

Error starting ApplicationContext. To display the conditions report re-run your application with 'debug' enabled.
2019-11-19T18:19:57.573+0800 | [main] | ERROR | org.springframework.boot.diagnostics.LoggingFailureAnalysisReporter.report@(LoggingFailureAnalysisReporter.java:40) - 

***************************
APPLICATION FAILED TO START
***************************

Description:

The dependencies of some of the beans in the application context form a cycle:


|  redisConfig defined in file [E:\project\redis-pubsub\build\classes\java\main\com\example\redis\pubsub\config\RedisConfig.class]
     
|  IMUserSub (field private com.example.redis.pubsub.util.RedisUtil com.example.redis.pubsub.subscribe.IMUserSub.redisUtil)
     
|  redisUtil (field private org.springframework.data.redis.core.RedisTemplate com.example.redis.pubsub.util.RedisUtil.redisTemplate)



2019-11-19T18:20:53.177+0800 | [main] | INFO  | com.example.redis.pubsub.RedisPubsubApplication.logStarting@(StartupInfoLogger.java:55) - Starting RedisPubsubApplication on DESKTOP-NOHAJOF with PID 23420 (E:\project\redis-pubsub\build\classes\java\main started by admin in E:\project\redis-pubsub)
2019-11-19T18:20:53.179+0800 | [main] | INFO  | com.example.redis.pubsub.RedisPubsubApplication.logStartupProfileInfo@(SpringApplication.java:655) - The following profiles are active: local
2019-11-19T18:20:53.670+0800 | [main] | INFO  | org.springframework.data.repository.config.RepositoryConfigurationDelegate.multipleStoresDetected@(RepositoryConfigurationDelegate.java:246) - Multiple Spring Data modules found, entering strict repository configuration mode!
2019-11-19T18:20:53.673+0800 | [main] | INFO  | org.springframework.data.repository.config.RepositoryConfigurationDelegate.registerRepositoriesIn@(RepositoryConfigurationDelegate.java:126) - Bootstrapping Spring Data repositories in DEFAULT mode.
2019-11-19T18:20:53.697+0800 | [main] | INFO  | org.springframework.data.repository.config.RepositoryConfigurationDelegate.registerRepositoriesIn@(RepositoryConfigurationDelegate.java:184) - Finished Spring Data repository scanning in 11ms. Found 0 repository interfaces.
2019-11-19T18:20:54.083+0800 | [main] | INFO  | org.springframework.boot.web.embedded.tomcat.TomcatWebServer.initialize@(TomcatWebServer.java:92) - Tomcat initialized with port(s): 8080 (http)
2019-11-19T18:20:54.091+0800 | [main] | INFO  | org.apache.coyote.http11.Http11NioProtocol.log@(DirectJDKLog.java:173) - Initializing ProtocolHandler ["http-nio-8080"]
2019-11-19T18:20:54.092+0800 | [main] | INFO  | org.apache.catalina.core.StandardService.log@(DirectJDKLog.java:173) - Starting service [Tomcat]
2019-11-19T18:20:54.092+0800 | [main] | INFO  | org.apache.catalina.core.StandardEngine.log@(DirectJDKLog.java:173) - Starting Servlet engine: [Apache Tomcat/9.0.27]
2019-11-19T18:20:54.161+0800 | [main] | INFO  | org.apache.catalina.core.ContainerBase.[Tomcat].[localhost].[/].log@(DirectJDKLog.java:173) - Initializing Spring embedded WebApplicationContext
2019-11-19T18:20:54.161+0800 | [main] | INFO  | org.springframework.web.context.ContextLoader.prepareWebApplicationContext@(ServletWebServerApplicationContext.java:284) - Root WebApplicationContext: initialization completed in 935 ms
2019-11-19T18:20:54.592+0800 | [main] | INFO  | org.springframework.scheduling.concurrent.ThreadPoolTaskExecutor.initialize@(ExecutorConfigurationSupport.java:171) - Initializing ExecutorService 'applicationTaskExecutor'
2019-11-19T18:20:54.886+0800 | [container-1] | INFO  | io.lettuce.core.EpollProvider.<clinit>@(EpollProvider.java:68) - Starting without optional epoll library
2019-11-19T18:20:54.887+0800 | [container-1] | INFO  | io.lettuce.core.KqueueProvider.<clinit>@(KqueueProvider.java:70) - Starting without optional kqueue library
2019-11-19T18:20:55.625+0800 | [main] | INFO  | org.apache.coyote.http11.Http11NioProtocol.log@(DirectJDKLog.java:173) - Starting ProtocolHandler ["http-nio-8080"]
2019-11-19T18:20:55.637+0800 | [main] | INFO  | org.springframework.boot.web.embedded.tomcat.TomcatWebServer.start@(TomcatWebServer.java:204) - Tomcat started on port(s): 8080 (http) with context path ''
2019-11-19T18:20:55.640+0800 | [main] | INFO  | com.example.redis.pubsub.RedisPubsubApplication.logStarted@(StartupInfoLogger.java:61) - Started RedisPubsubApplication in 2.782 seconds (JVM running for 3.563)
2019-11-19T18:21:09.371+0800 | [http-nio-8080-exec-2] | INFO  | org.apache.catalina.core.ContainerBase.[Tomcat].[localhost].[/].log@(DirectJDKLog.java:173) - Initializing Spring DispatcherServlet 'dispatcherServlet'
2019-11-19T18:21:09.371+0800 | [http-nio-8080-exec-2] | INFO  | org.springframework.web.servlet.DispatcherServlet.initServletBean@(FrameworkServlet.java:525) - Initializing Servlet 'dispatcherServlet'
2019-11-19T18:21:09.376+0800 | [http-nio-8080-exec-2] | INFO  | org.springframework.web.servlet.DispatcherServlet.initServletBean@(FrameworkServlet.java:547) - Completed initialization in 5 ms
2019-11-19T18:22:11.560+0800 | [main] | INFO  | com.example.redis.pubsub.RedisPubsubApplication.logStarting@(StartupInfoLogger.java:55) - Starting RedisPubsubApplication on DESKTOP-NOHAJOF with PID 15508 (E:\project\redis-pubsub\build\classes\java\main started by admin in E:\project\redis-pubsub)
2019-11-19T18:22:11.564+0800 | [main] | INFO  | com.example.redis.pubsub.RedisPubsubApplication.logStartupProfileInfo@(SpringApplication.java:655) - The following profiles are active: local
2019-11-19T18:22:12.120+0800 | [main] | INFO  | org.springframework.data.repository.config.RepositoryConfigurationDelegate.multipleStoresDetected@(RepositoryConfigurationDelegate.java:246) - Multiple Spring Data modules found, entering strict repository configuration mode!
2019-11-19T18:22:12.122+0800 | [main] | INFO  | org.springframework.data.repository.config.RepositoryConfigurationDelegate.registerRepositoriesIn@(RepositoryConfigurationDelegate.java:126) - Bootstrapping Spring Data repositories in DEFAULT mode.
2019-11-19T18:22:12.153+0800 | [main] | INFO  | org.springframework.data.repository.config.RepositoryConfigurationDelegate.registerRepositoriesIn@(RepositoryConfigurationDelegate.java:184) - Finished Spring Data repository scanning in 14ms. Found 0 repository interfaces.
2019-11-19T18:22:12.644+0800 | [main] | INFO  | org.springframework.boot.web.embedded.tomcat.TomcatWebServer.initialize@(TomcatWebServer.java:92) - Tomcat initialized with port(s): 8080 (http)
2019-11-19T18:22:12.656+0800 | [main] | INFO  | org.apache.coyote.http11.Http11NioProtocol.log@(DirectJDKLog.java:173) - Initializing ProtocolHandler ["http-nio-8080"]
2019-11-19T18:22:12.656+0800 | [main] | INFO  | org.apache.catalina.core.StandardService.log@(DirectJDKLog.java:173) - Starting service [Tomcat]
2019-11-19T18:22:12.656+0800 | [main] | INFO  | org.apache.catalina.core.StandardEngine.log@(DirectJDKLog.java:173) - Starting Servlet engine: [Apache Tomcat/9.0.27]
2019-11-19T18:22:12.734+0800 | [main] | INFO  | org.apache.catalina.core.ContainerBase.[Tomcat].[localhost].[/].log@(DirectJDKLog.java:173) - Initializing Spring embedded WebApplicationContext
2019-11-19T18:22:12.735+0800 | [main] | INFO  | org.springframework.web.context.ContextLoader.prepareWebApplicationContext@(ServletWebServerApplicationContext.java:284) - Root WebApplicationContext: initialization completed in 1127 ms
2019-11-19T18:22:13.246+0800 | [main] | INFO  | org.springframework.scheduling.concurrent.ThreadPoolTaskExecutor.initialize@(ExecutorConfigurationSupport.java:171) - Initializing ExecutorService 'applicationTaskExecutor'
2019-11-19T18:22:13.600+0800 | [container-1] | INFO  | io.lettuce.core.EpollProvider.<clinit>@(EpollProvider.java:68) - Starting without optional epoll library
2019-11-19T18:22:13.602+0800 | [container-1] | INFO  | io.lettuce.core.KqueueProvider.<clinit>@(KqueueProvider.java:70) - Starting without optional kqueue library
2019-11-19T18:22:14.358+0800 | [main] | INFO  | org.apache.coyote.http11.Http11NioProtocol.log@(DirectJDKLog.java:173) - Starting ProtocolHandler ["http-nio-8080"]
2019-11-19T18:22:14.377+0800 | [main] | INFO  | org.springframework.boot.web.embedded.tomcat.TomcatWebServer.start@(TomcatWebServer.java:204) - Tomcat started on port(s): 8080 (http) with context path ''
2019-11-19T18:22:14.380+0800 | [main] | INFO  | com.example.redis.pubsub.RedisPubsubApplication.logStarted@(StartupInfoLogger.java:61) - Started RedisPubsubApplication in 3.217 seconds (JVM running for 4.222)
2019-11-19T18:22:21.767+0800 | [http-nio-8080-exec-1] | INFO  | org.apache.catalina.core.ContainerBase.[Tomcat].[localhost].[/].log@(DirectJDKLog.java:173) - Initializing Spring DispatcherServlet 'dispatcherServlet'
2019-11-19T18:22:21.767+0800 | [http-nio-8080-exec-1] | INFO  | org.springframework.web.servlet.DispatcherServlet.initServletBean@(FrameworkServlet.java:525) - Initializing Servlet 'dispatcherServlet'
2019-11-19T18:22:21.773+0800 | [http-nio-8080-exec-1] | INFO  | org.springframework.web.servlet.DispatcherServlet.initServletBean@(FrameworkServlet.java:547) - Completed initialization in 6 ms
2019-11-19T18:23:10.535+0800 | [SpringContextShutdownHook] | INFO  | org.springframework.scheduling.concurrent.ThreadPoolTaskExecutor.shutdown@(ExecutorConfigurationSupport.java:208) - Shutting down ExecutorService 'applicationTaskExecutor'
2019-11-19T18:23:15.960+0800 | [main] | INFO  | com.example.redis.pubsub.RedisPubsubApplication.logStarting@(StartupInfoLogger.java:55) - Starting RedisPubsubApplication on DESKTOP-NOHAJOF with PID 19352 (E:\project\redis-pubsub\build\classes\java\main started by admin in E:\project\redis-pubsub)
2019-11-19T18:23:15.963+0800 | [main] | INFO  | com.example.redis.pubsub.RedisPubsubApplication.logStartupProfileInfo@(SpringApplication.java:655) - The following profiles are active: local
2019-11-19T18:23:16.560+0800 | [main] | INFO  | org.springframework.data.repository.config.RepositoryConfigurationDelegate.multipleStoresDetected@(RepositoryConfigurationDelegate.java:246) - Multiple Spring Data modules found, entering strict repository configuration mode!
2019-11-19T18:23:16.562+0800 | [main] | INFO  | org.springframework.data.repository.config.RepositoryConfigurationDelegate.registerRepositoriesIn@(RepositoryConfigurationDelegate.java:126) - Bootstrapping Spring Data repositories in DEFAULT mode.
2019-11-19T18:23:16.595+0800 | [main] | INFO  | org.springframework.data.repository.config.RepositoryConfigurationDelegate.registerRepositoriesIn@(RepositoryConfigurationDelegate.java:184) - Finished Spring Data repository scanning in 17ms. Found 0 repository interfaces.
2019-11-19T18:23:17.103+0800 | [main] | INFO  | org.springframework.boot.web.embedded.tomcat.TomcatWebServer.initialize@(TomcatWebServer.java:92) - Tomcat initialized with port(s): 8080 (http)
2019-11-19T18:23:17.115+0800 | [main] | INFO  | org.apache.coyote.http11.Http11NioProtocol.log@(DirectJDKLog.java:173) - Initializing ProtocolHandler ["http-nio-8080"]
2019-11-19T18:23:17.116+0800 | [main] | INFO  | org.apache.catalina.core.StandardService.log@(DirectJDKLog.java:173) - Starting service [Tomcat]
2019-11-19T18:23:17.116+0800 | [main] | INFO  | org.apache.catalina.core.StandardEngine.log@(DirectJDKLog.java:173) - Starting Servlet engine: [Apache Tomcat/9.0.27]
2019-11-19T18:23:17.200+0800 | [main] | INFO  | org.apache.catalina.core.ContainerBase.[Tomcat].[localhost].[/].log@(DirectJDKLog.java:173) - Initializing Spring embedded WebApplicationContext
2019-11-19T18:23:17.200+0800 | [main] | INFO  | org.springframework.web.context.ContextLoader.prepareWebApplicationContext@(ServletWebServerApplicationContext.java:284) - Root WebApplicationContext: initialization completed in 1188 ms
2019-11-19T18:23:17.722+0800 | [main] | INFO  | org.springframework.scheduling.concurrent.ThreadPoolTaskExecutor.initialize@(ExecutorConfigurationSupport.java:171) - Initializing ExecutorService 'applicationTaskExecutor'
2019-11-19T18:23:18.101+0800 | [container-1] | INFO  | io.lettuce.core.EpollProvider.<clinit>@(EpollProvider.java:68) - Starting without optional epoll library
2019-11-19T18:23:18.103+0800 | [container-1] | INFO  | io.lettuce.core.KqueueProvider.<clinit>@(KqueueProvider.java:70) - Starting without optional kqueue library
2019-11-19T18:23:18.871+0800 | [main] | INFO  | org.apache.coyote.http11.Http11NioProtocol.log@(DirectJDKLog.java:173) - Starting ProtocolHandler ["http-nio-8080"]
2019-11-19T18:23:18.885+0800 | [main] | INFO  | org.springframework.boot.web.embedded.tomcat.TomcatWebServer.start@(TomcatWebServer.java:204) - Tomcat started on port(s): 8080 (http) with context path ''
2019-11-19T18:23:18.889+0800 | [main] | INFO  | com.example.redis.pubsub.RedisPubsubApplication.logStarted@(StartupInfoLogger.java:61) - Started RedisPubsubApplication in 3.333 seconds (JVM running for 4.252)
2019-11-19T18:23:31.322+0800 | [http-nio-8080-exec-3] | INFO  | org.apache.catalina.core.ContainerBase.[Tomcat].[localhost].[/].log@(DirectJDKLog.java:173) - Initializing Spring DispatcherServlet 'dispatcherServlet'
2019-11-19T18:23:31.322+0800 | [http-nio-8080-exec-3] | INFO  | org.springframework.web.servlet.DispatcherServlet.initServletBean@(FrameworkServlet.java:525) - Initializing Servlet 'dispatcherServlet'
2019-11-19T18:23:31.332+0800 | [http-nio-8080-exec-3] | INFO  | org.springframework.web.servlet.DispatcherServlet.initServletBean@(FrameworkServlet.java:547) - Completed initialization in 10 ms
2019-11-19T18:24:04.455+0800 | [SpringContextShutdownHook] | INFO  | org.springframework.scheduling.concurrent.ThreadPoolTaskExecutor.shutdown@(ExecutorConfigurationSupport.java:208) - Shutting down ExecutorService 'applicationTaskExecutor'
2019-11-19T18:32:27.032+0800 | [main] | INFO  | com.example.redis.pubsub.RedisPubsubApplication.logStarting@(StartupInfoLogger.java:55) - Starting RedisPubsubApplication on DESKTOP-NOHAJOF with PID 18672 (E:\project\redis-pubsub\build\classes\java\main started by admin in E:\project\redis-pubsub)
2019-11-19T18:32:27.035+0800 | [main] | INFO  | com.example.redis.pubsub.RedisPubsubApplication.logStartupProfileInfo@(SpringApplication.java:655) - The following profiles are active: local
2019-11-19T18:32:27.587+0800 | [main] | INFO  | org.springframework.data.repository.config.RepositoryConfigurationDelegate.multipleStoresDetected@(RepositoryConfigurationDelegate.java:246) - Multiple Spring Data modules found, entering strict repository configuration mode!
2019-11-19T18:32:27.589+0800 | [main] | INFO  | org.springframework.data.repository.config.RepositoryConfigurationDelegate.registerRepositoriesIn@(RepositoryConfigurationDelegate.java:126) - Bootstrapping Spring Data repositories in DEFAULT mode.
2019-11-19T18:32:27.626+0800 | [main] | INFO  | org.springframework.data.repository.config.RepositoryConfigurationDelegate.registerRepositoriesIn@(RepositoryConfigurationDelegate.java:184) - Finished Spring Data repository scanning in 18ms. Found 0 repository interfaces.
2019-11-19T18:32:28.141+0800 | [main] | INFO  | org.springframework.boot.web.embedded.tomcat.TomcatWebServer.initialize@(TomcatWebServer.java:92) - Tomcat initialized with port(s): 8089 (http)
2019-11-19T18:32:28.150+0800 | [main] | INFO  | org.apache.coyote.http11.Http11NioProtocol.log@(DirectJDKLog.java:173) - Initializing ProtocolHandler ["http-nio-8089"]
2019-11-19T18:32:28.151+0800 | [main] | INFO  | org.apache.catalina.core.StandardService.log@(DirectJDKLog.java:173) - Starting service [Tomcat]
2019-11-19T18:32:28.151+0800 | [main] | INFO  | org.apache.catalina.core.StandardEngine.log@(DirectJDKLog.java:173) - Starting Servlet engine: [Apache Tomcat/9.0.27]
2019-11-19T18:32:28.238+0800 | [main] | INFO  | org.apache.catalina.core.ContainerBase.[Tomcat].[localhost].[/].log@(DirectJDKLog.java:173) - Initializing Spring embedded WebApplicationContext
2019-11-19T18:32:28.238+0800 | [main] | INFO  | org.springframework.web.context.ContextLoader.prepareWebApplicationContext@(ServletWebServerApplicationContext.java:284) - Root WebApplicationContext: initialization completed in 1164 ms
2019-11-19T18:32:28.761+0800 | [main] | INFO  | org.springframework.scheduling.concurrent.ThreadPoolTaskExecutor.initialize@(ExecutorConfigurationSupport.java:171) - Initializing ExecutorService 'applicationTaskExecutor'
2019-11-19T18:32:29.121+0800 | [container-1] | INFO  | io.lettuce.core.EpollProvider.<clinit>@(EpollProvider.java:68) - Starting without optional epoll library
2019-11-19T18:32:29.123+0800 | [container-1] | INFO  | io.lettuce.core.KqueueProvider.<clinit>@(KqueueProvider.java:70) - Starting without optional kqueue library
2019-11-19T18:32:29.865+0800 | [main] | INFO  | org.apache.coyote.http11.Http11NioProtocol.log@(DirectJDKLog.java:173) - Starting ProtocolHandler ["http-nio-8089"]
2019-11-19T18:32:29.879+0800 | [main] | INFO  | org.springframework.boot.web.embedded.tomcat.TomcatWebServer.start@(TomcatWebServer.java:204) - Tomcat started on port(s): 8089 (http) with context path ''
2019-11-19T18:32:29.882+0800 | [main] | INFO  | com.example.redis.pubsub.RedisPubsubApplication.logStarted@(StartupInfoLogger.java:61) - Started RedisPubsubApplication in 3.246 seconds (JVM running for 4.196)
2019-11-19T18:37:32.354+0800 | [SpringContextShutdownHook] | INFO  | org.springframework.scheduling.concurrent.ThreadPoolTaskExecutor.shutdown@(ExecutorConfigurationSupport.java:208) - Shutting down ExecutorService 'applicationTaskExecutor'
